<?xml version="1.0" encoding="UTF-8"?>
<testng-results skipped="0" failed="1" total="1" passed="0">
  <reporter-output>
  </reporter-output>
  <suite name="Default suite" duration-ms="23403" started-at="2016-10-12T12:00:56Z" finished-at="2016-10-12T12:01:19Z">
    <groups>
    </groups>
    <test name="Default test" duration-ms="23403" started-at="2016-10-12T12:00:56Z" finished-at="2016-10-12T12:01:19Z">
      <class name="testscripts.LoginScenario.TestForLoginWithNewlyRegisteredUser">
        <test-method status="PASS" signature="setUpTestSuite(org.testng.ITestContext)[pri:0, instance:testscripts.LoginScenario.TestForLoginWithNewlyRegisteredUser@17d24b6]" name="setUpTestSuite" is-config="true" duration-ms="31" started-at="2016-10-12T17:30:56Z" finished-at="2016-10-12T17:30:56Z">
          <params>
            <param index="0">
              <value>
                <![CDATA[org.testng.TestRunner@10099e7]]>
              </value>
            </param>
          </params>
          <reporter-output>
          </reporter-output>
        </test-method> <!-- setUpTestSuite -->
        <test-method status="PASS" signature="setUpTestRunner()[pri:0, instance:testscripts.LoginScenario.TestForLoginWithNewlyRegisteredUser@17d24b6]" name="setUpTestRunner" is-config="true" duration-ms="0" started-at="2016-10-12T17:30:56Z" finished-at="2016-10-12T17:30:56Z">
          <reporter-output>
          </reporter-output>
        </test-method> <!-- setUpTestRunner -->
        <test-method status="FAIL" signature="testRunner()[pri:0, instance:testscripts.LoginScenario.TestForLoginWithNewlyRegisteredUser@17d24b6]" name="testRunner" duration-ms="23403" started-at="2016-10-12T17:30:56Z" finished-at="2016-10-12T17:31:19Z">
          <exception class="java.lang.AssertionError">
            <message>
              <![CDATA[java.lang.NullPointerException]]>
            </message>
            <full-stacktrace>
              <![CDATA[java.lang.AssertionError: java.lang.NullPointerException
	at org.testng.Assert.fail(Assert.java:94)
	at supportlibraries.CRAFTTestCase.tearDownTestRunner(CRAFTTestCase.java:91)
	at testscripts.LoginScenario.TestForLoginWithNewlyRegisteredUser.testRunner(TestForLoginWithNewlyRegisteredUser.java:28)
	at sun.reflect.NativeMethodAccessorImpl.invoke0(Native Method)
	at sun.reflect.NativeMethodAccessorImpl.invoke(NativeMethodAccessorImpl.java:57)
	at sun.reflect.DelegatingMethodAccessorImpl.invoke(DelegatingMethodAccessorImpl.java:43)
	at java.lang.reflect.Method.invoke(Method.java:606)
	at org.testng.internal.MethodInvocationHelper.invokeMethod(MethodInvocationHelper.java:85)
	at org.testng.internal.Invoker.invokeMethod(Invoker.java:639)
	at org.testng.internal.Invoker.invokeTestMethod(Invoker.java:821)
	at org.testng.internal.Invoker.invokeTestMethods(Invoker.java:1131)
	at org.testng.internal.TestMethodWorker.invokeTestMethods(TestMethodWorker.java:124)
	at org.testng.internal.TestMethodWorker.run(TestMethodWorker.java:108)
	at org.testng.TestRunner.privateRun(TestRunner.java:773)
	at org.testng.TestRunner.run(TestRunner.java:623)
	at org.testng.SuiteRunner.runTest(SuiteRunner.java:357)
	at org.testng.SuiteRunner.runSequentially(SuiteRunner.java:352)
	at org.testng.SuiteRunner.privateRun(SuiteRunner.java:310)
	at org.testng.SuiteRunner.run(SuiteRunner.java:259)
	at org.testng.SuiteRunnerWorker.runSuite(SuiteRunnerWorker.java:52)
	at org.testng.SuiteRunnerWorker.run(SuiteRunnerWorker.java:86)
	at org.testng.TestNG.runSuitesSequentially(TestNG.java:1185)
	at org.testng.TestNG.runSuitesLocally(TestNG.java:1110)
	at org.testng.TestNG.run(TestNG.java:1018)
	at org.testng.remote.AbstractRemoteTestNG.run(AbstractRemoteTestNG.java:126)
	at org.testng.remote.RemoteTestNG.initAndRun(RemoteTestNG.java:152)
	at org.testng.remote.RemoteTestNG.main(RemoteTestNG.java:57)
]]>
            </full-stacktrace>
          </exception> <!-- java.lang.AssertionError -->
          <reporter-output>
          </reporter-output>
        </test-method> <!-- testRunner -->
        <test-method status="PASS" signature="tearDownTestSuite()[pri:0, instance:testscripts.LoginScenario.TestForLoginWithNewlyRegisteredUser@17d24b6]" name="tearDownTestSuite" is-config="true" duration-ms="32" started-at="2016-10-12T17:31:19Z" finished-at="2016-10-12T17:31:19Z">
          <reporter-output>
          </reporter-output>
        </test-method> <!-- tearDownTestSuite -->
      </class> <!-- testscripts.LoginScenario.TestForLoginWithNewlyRegisteredUser -->
    </test> <!-- Default test -->
  </suite> <!-- Default suite -->
</testng-results>
